脉动着的弓于529年8月在派对室生成了。
连击之旋棍于529年8月在派对室生成了。
为风所缠的短剑于529年8月在派对室生成了。
为风所缠的短剑于529年8月在派对室生成了。
连击之旋棍于529年8月在派对室生成了。
为风所缠的短剑于529年9月在派对室生成了。
脉动着的弓于529年9月在派对室生成了。
连击之旋棍于529年9月在派对室生成了。
连击之旋棍于529年9月在派对室生成了。
香喷喷的内裤于529年10月在派对室生成了。
特殊强化服于529年10月在梅洛卡斯生成了。
为风所缠的短剑于529年11月在派对室生成了。
连击之旋棍于529年11月在派对室生成了。
神圣之枪于529年11月在众神休战之地生成了。
斩之牌于529年11月在混沌之洞窟生成了。
神的光玉于529年11月在众神休战之地生成了。
柔软的尾巴于529年11月在牧场生成了。
脉动着的弓于529年11月在派对室生成了。
脉动着的弓于529年11月在派对室生成了。
女神的雕像于529年12月在诺耶尔生成了。
香喷喷的内裤于530年1月在派对室生成了。
为风所缠的短剑于530年1月在派对室生成了。
赤色的腰带于530年1月在不归之寨生成了。
连击之旋棍于530年1月在派对室生成了。
银白色的刀于530年1月在派对室生成了。
被封印的盾于530年2月在不归之森生成了。
粗野的剑于530年2月在不归之塔生成了。
香喷喷的内裤于530年2月在派对室生成了。
为风所缠的短剑于530年2月在派对室生成了。
连击之旋棍于530年2月在派对室生成了。
巨大的十字手里剑于530年2月在克莱阿尔玛生成了。
连击之旋棍于530年2月在派对室生成了。
脉动着的弓于530年3月在派对室生成了。
脉动着的弓于530年3月在派对室生成了。
有翼的梦幻之枪于530年3月在混沌之洞窟生成了。
刺人的盾于530年3月在北提里斯被茈兹苏拿到手了。
为风所缠的短剑于530年3月在派对室生成了。
脉动着的弓于530年3月在派对室生成了。
荆棘之鞭于530年5月在不归之森生成了。
斩之牌于530年5月在混沌之森生成了。
对战舰步枪于530年5月在沉睡的神舰・上层生成了。
黄金的连接剑于530年5月在欧鲁德朗生成了。
被封印的盾于530年6月在混沌之洞窟《觉醒》生成了。
透明的钥匙于530年9月在北提里斯被艾德艾伊苏拿到手了。
为风所缠的短剑于530年11月在混沌之塔生成了。
透明的钥匙于531年1月在北提里斯被摩纳罗茨塔拿到手了。
青之灵药于531年1月在不归之洞窟生成了。
透明的钥匙于531年1月在北提里斯被萨尔利苏拿到手了。
银白色的刀于531年1月在森生成了。
彩虹般色彩的弓于531年2月在绿洲度假村生成了。
重型哑铃于531年2月在欧鲁德朗生成了。
美丽的贝于531年2月在平地生成了。
青之灵药于531年4月在提里斯关所南侧生成了。
斩之牌于531年4月在混沌之塔生成了。
青之灵药于531年4月在帕罗米亚生成了。
斩之牌于531年5月在不归之塔生成了。
机械制造的假饵于531年5月在北提里斯被歌尔巴尔德拿到手了。
机械制造的假饵于531年6月在北提里斯被齐亚巴恩拿到手了。
透明的钥匙于531年7月在混沌之寨被兹茨坦伊拿到手了。
桶装的神酒于531年7月在平地生成了。
粗野的剑于531年7月在平地生成了。
青之灵药于531年7月在自家生成了。
刺突型尖桩于531年8月在混沌之城《机皇》生成了。
迷之笛于531年8月在混沌之城《破坏》生成了。
刺人的盾于531年8月在北提里斯被歌尔巴尔德拿到手了。
为风所缠的短剑于531年9月在被阿尔罗兹拿到手了。
巨大的斧于531年10月在阿摩利的暗牢生成了。
撕裂神之刃于531年10月在阿摩利的暗牢生成了。
豪快的佩刀于531年10月在阿摩利的暗牢生成了。
青之灵药于531年10月在帕罗米亚生成了。
神圣的宝石于531年10月在地下赌场生成了。
轮回剪于531年10月在阿摩利的暗牢生成了。
青之灵药于531年10月在梅尔卡恩生成了。
青之灵药于531年10月在梅尔卡恩生成了。
赤色装饰的刀于531年10月在北提里斯被弗莱奥毕茨特拿到手了。
鱼饰马克杯于531年10月在阳牢之塔生成了。
赤媚蜡烛于531年10月在绿洲度假村生成了。
有翼的梦幻之枪于531年11月在混沌之寨《觉醒》生成了。
银白色的刀于531年11月在北提里斯被歌尔安杰拿到手了。
透明的钥匙于533年3月在北提里斯被达尔巴尔德拿到手了。
刺人的盾于533年12月在北提里斯被歌尔安杰拿到手了。
为风所缠的短剑于534年3月在北提里斯被玛索尔德拿到手了。
斩之牌于534年6月在牧场生成了。
白色的丝带于534年6月在伊尔瓦神立图书馆生成了。
青之灵药于534年6月在自家生成了。
青之灵药于534年6月在自家生成了。
青之灵药于534年6月在自家生成了。
红魔之杖于534年7月在魔女之家生成了。
石装饰的腰带于534年8月在帕罗米亚生成了。
蓝色的爪于534年8月在眷属之间生成了。
机械的翅膀于534年8月在隐蔽的工房伊鲁玛・萨利姆生成了。
怒涛之大太刀于534年8月在梅洛卡斯生成了。
有翼的梦幻之枪于534年8月在混沌之洞窟《觉醒》生成了。
机械制造的假饵于534年9月在卡普尔港被拉伊奥巴恩拿到手了。
金柄月光剑于534年9月在混沌之森《觉醒》生成了。
青之灵药于534年9月在田地生成了。
蓝色胶囊于534年9月在平地生成了。
金柄月光剑于534年9月在不归之洞窟生成了。
荆棘之鞭于534年10月在不归之寨生成了。
青之灵药于534年11月在自家生成了。
