@01 534/10/8 h7 发现道具
消失之恋爱在北提里斯拿到了☆通透的长弓『
到处都是寨子的半夜』 (2d7)(8)。

@01 534/10/8 h8 发现道具
真・石在北提里斯拿到了☆祝福的乱来的靴『
老头腔失败』 [6,0]。

@01 534/10/9 h13 发现道具
冤罪之将军在北提里斯拿到了☆祝福的s神的
合成腰带『时代之将军』 [6,7]。

@01 534/10/9 h13 发现道具
从异国来的放心在不归之森拿到了☆诅咒的恒
久不变的外套『哥哥是魔法』 [8,11]。

@01 534/10/9 h21 发现道具
化身之败退在北提里斯拿到了☆赤红如血的骑
士盾『午后伙伴』 [-8,32]。

@01 534/10/14 h1 发现道具
肉感美人在北提里斯拿到了☆美丽的腰带『有
名教官』 [3,0]。

@01 534/10/14 h2 发现道具
光彩夺目的人类在灼热之塔拿到了☆呼唤奇迹
的合成靴『圣子之蓝』 [1,18]。

@01 534/10/14 h3 发现道具
曙光的治疗在北提里斯拿到了☆赤红如血的轻
披风『悲恸雾』 [11,9]。

@01 534/10/14 h21 发现道具
飞人妻在不归之洞窟拿到了☆历史悠久的盾『
为了父亲王子』 [2,12]。

@01 534/10/15 h1 发现道具
消失之恋爱在北提里斯拿到了☆赤红如血的手
套『被拂晓染上的骷髅』 (23,1) [14,16]。


@01 534/10/15 h24 发现道具
处事不惊的支配在北提里斯拿到了☆高贵的重
型护手『银秩序』 (0,1) [0,6]。

@01 534/10/16 h2 发现道具
冤罪之将军在北提里斯拿到了☆永不褪色的手
枪『至宝之佣兵』 (1d39+1)(17)。

@01 534/10/16 h3 发现道具
使者之终结在不归之寨拿到了☆缠绕光芒的手
套『弑亲的骸骨』 (10,0) [8,9]。

@01 534/10/16 h16 发现道具
星尘鹰在北提里斯拿到了☆堕落的被称作铁块
的合成靴『斗牛之仁』 [0,9]。

@01 534/10/17 h12 发现道具
曙光的治疗在北提里斯拿到了☆诅咒的缠绕光
芒的外套『蓝的声音』 [12,7]。

@03 534/10/19 h8 任务的完成
微热之鬼才任务完成，43的声望获得了。

@01 534/10/19 h11 发现道具
猎杀小猫的响在北提里斯拿到了☆高贵的戒指
『被同步的王族』。

@03 534/10/19 h19 任务的完成
微热之鬼才任务完成，14的声望获得了。

@01 534/10/19 h19 发现道具
微热之鬼才在混沌之森拿到了☆诅咒的可食用
的轻手套『收获之彗星』 (-1,0) [-1,-1]。


@02 534/10/19 h22 新的力量
微热之鬼才积攒了足够的经验，升到27级了。


@01 534/10/22 h13 发现道具
哭着叫铜在测试世界拿到了☆诅咒的高贵的连
弩『一定猎犬』 (7d4+1)。

@03 534/10/22 h24 任务的完成
哭着叫铜任务完成，52的声望获得了。

@01 534/10/23 h15 发现道具
猎杀小猫的响在北提里斯拿到了☆s神的重盔
『破坏歌』 [4,12]。

@01 534/10/24 h9 发现道具
跳得太多化身在北提里斯拿到了☆历史悠久的
箭矢『真・鱼』 (1d12+1)(3)。

@03 534/10/24 h10 任务的完成
消失之恋爱任务完成，101的声望获得了。

@01 534/10/25 h4 发现道具
化身之败退在北提里斯拿到了☆被称作铁块的
散弹枪『流氓之号泣』 (4d10+4)(3)。

@01 534/10/25 h15 发现道具
永恒法王在北提里斯拿到了☆上古的链甲『守
林人之再生』 [18,51]。

@01 534/10/26 h14 发现道具
肉感美人在北提里斯拿到了☆包覆一切的护颈
『喘息着无限』 [0,3]。

@03 534/10/26 h19 任务的完成
时钟・金任务完成，16的声望获得了。

@01 534/10/26 h23 发现道具
圣子之抗争在混沌之洞窟拿到了☆通透的激光
枪『恋人是黄』 (2d12)(10)。

@01 534/10/27 h20 发现道具
藏在寨子里的寂静在不归之洞窟拿到了☆揭示
真相的弩箭矢『讨厌肉的侠义』 (1d14+1)(4
)。

@03 534/10/28 h11 任务的完成
唱歌的暗任务完成，92的声望获得了。

@01 534/10/28 h11 发现道具
唱歌的暗在不归之寨拿到了☆艳丽的厚靴『侠
义之贵公子』 [4,0]。

@03 534/11/1 h10 任务的完成
人类之银色任务完成，94的声望获得了。

@01 534/11/1 h10 发现道具
人类之银色在混沌之森拿到了☆触怒逆鳞的重
型腰带『不净之龙骑士』 [3,9]。

@01 534/11/1 h17 发现道具
异邦人之闪耀在北提里斯拿到了☆照亮黑暗的
钩爪『病人月光』 (10,2) [9,5]。

@03 534/11/3 h8 任务的完成
沙漠之骸骨任务完成，36的声望获得了。

@01 534/11/3 h8 发现道具
沙漠之骸骨在混沌之森拿到了☆乱来的外套『
孤独之王国』 [8,0]。

@01 534/11/3 h14 发现道具
被遗忘的拳在北提里斯拿到了☆堕落的触怒逆
鳞的翼『傍晚之云』 [12,0]。

@01 534/11/3 h17 发现道具
恸哭与朋友在北提里斯拿到了☆诅咒的粉碎黑
暗的长盾『受祝福的快乐』 [-2,24]。

@01 534/11/4 h16 发现道具
逃跑之掠夺者在混沌之城《破坏》拿到了☆被
称作铁块的精工项链『神圣的土』。

@01 534/11/5 h5 发现道具
处事不惊的支配在拿到了☆高贵的激光弹『冷
静的贵公子』 (2d3)。

@01 534/11/5 h6 发现道具
冤罪之将军在北提里斯拿到了☆绽放异彩的长
盾『黄昏・逃离』 [-6,30]。

@03 534/11/6 h7 任务的完成
月白任务完成，186的声望获得了。

@01 534/11/6 h20 发现道具
飞人妻在伊尔瓦神立图书馆拿到了☆通透的腰
带『武士之贵族』 [5,0]。

@01 534/11/7 h22 发现道具
圣子之抗争在北提里斯拿到了☆高贵的大镰『
消灭之不净』 (1d18+1)。

@01 534/11/7 h23 发现道具
火之伤感在北提里斯拿到了☆被称作铁块的腰
带『邪恶的大公』 [1,6]。

@01 534/11/8 h1 发现道具
傍晚之均衡在北提里斯拿到了☆粉碎黑暗的机
械弓『王朝星尘』 (1d32+3)(5)。

@01 534/11/8 h11 发现道具
出类拔萃的使者在不归之塔《觉醒》拿到了☆
高贵的守护戒指『恶魔之违背道德』 [0,1]。


@03 534/11/9 h1 任务的完成
逃跑之掠夺者任务完成，149的声望获得了。


