青之灵药于537岁1月在勇者之塔《觉醒》生成了。
青之灵药于537岁1月在混沌之塔《觉醒》生成了。
青之灵药于537岁2月在帕罗米亚生成了。
青之灵药于537岁3月在帕罗米亚生成了。
被封印的盾于537岁3月在混沌之塔生成了。
红色下框眼镜于537岁3月在欧鲁德朗生成了。
青之灵药于537岁5月在帕罗米亚生成了。
光之战轮于537岁5月在不归之森生成了。
透明的钥匙于537年6月在古之庭院被乌利恩索尔拿到手了。
青之灵药于537岁6月在田地生成了。
沉重的手杖于537岁7月在众神的休战地生成了。
疯狂的霞弹枪于537岁7月在众神的休战地生成了。
刚魔之杖于537岁7月在混沌之城《地狱》生成了。
青之灵药于537岁7月在阿克・贝尔库生成了。
光之战轮于537岁7月在不归之洞窟生成了。
荆棘之鞭于537岁7月在混沌之塔生成了。
青之灵药于537岁8月在阿克・贝尔库生成了。
藏青色的魔法帽于537岁8月在混沌之寨生成了。
有翼的梦幻之枪于537岁8月在不归之寨生成了。
脉动着的弓于537岁8月在派对室生成了。
柔软的尾巴于537岁8月在街周边的田地生成了。
柔软的尾巴于537岁8月在街周边的田地生成了。
发光的石头于537岁8月在混沌之森生成了。
为风所缠的短剑于537岁8月在派对室生成了。
龙鳞之棍于537岁8月在街道附近生成了。
脉动着的弓于537岁9月在派对室生成了。
发光的石头于537岁9月在混沌之寨《觉醒》生成了。
刺人的盾于537岁9月在不归之塔生成了。
脉动着的弓于537岁9月在派对室生成了。
为风所缠的短剑于537岁9月在派对室生成了。
粗野的剑于537岁9月在街道附近生成了。
被封印的盾于537岁9月在不归之塔生成了。
脉动着的弓于537岁9月在派对室生成了。
脉动着的弓于537岁9月在派对室生成了。
连击之旋棍于537岁9月在派对室生成了。
斩之牌于537岁9月在市区生成了。
为风所缠的短剑于537岁9月在派对室生成了。
脉动着的弓于537岁9月在派对室生成了。
为风所缠的短剑于537岁9月在派对室生成了。
为风所缠的短剑于537岁9月在派对室生成了。
脉动着的弓于537岁10月在派对室生成了。
脉动着的弓于537岁10月在派对室生成了。
青之灵药于537岁10月在阿克・贝尔库生成了。
极北之银铠于537岁10月在帕罗米亚生成了。
青之灵药于537岁10月在帕罗米亚生成了。
多功能工兵铲于537岁10月在沉睡的神舰・上层生成了。
多功能工兵铲于537岁10月在死之街生成了。
音速之旋棍于537岁10月在梅洛卡斯生成了。
藏青色的魔法帽于537岁10月在王宫邻近生成了。
桶装的神酒于537岁10月在帕罗米亚生成了。
勇气之刃于537岁10月在森生成了。
高爆手榴弹于537岁10月在不归之寨生成了。
龙鳞之棍于537岁10月在混沌之洞窟生成了。
赤色的腰带于537岁10月在混沌之洞窟生成了。
柔软的尾巴于537岁10月在小狗之洞窟生成了。
奇怪的苹果于537岁10月在烟与烟斗之亭生成了。
逐风之长弓于537岁11月在众神休战之地生成了。
神的光玉于537岁11月在众神休战之地生成了。
藏青色的魔法帽于537岁11月在森生成了。
弩之链坠于537岁11月在特尔斐生成了。
银白色的刀于537岁11月在特尔斐生成了。
银白色的刀于537岁11月在特尔斐生成了。
银白色的刀于537岁11月在特尔斐生成了。
黄色的项链于537岁11月在不归之洞窟生成了。
