
@01 538/6/6 h23 发现道具
沙漠之骸骨在电子巨蛋拿到了☆包覆一切的高
级手套『少年世界』 (9,0) [9,4]。

@01 538/6/7 h18 发现道具
猎杀小猫的响在道场拿到了☆缠绕光芒的大斧
『猎杀鬼魂的斧』 (1d28+4)(-1)。

@01 538/6/7 h20 发现道具
靠拳头而生的右腕在不归之矿山拿到了☆高贵
的护颈『入侵者之罚』 [0,1]。

@03 538/6/7 h22 完成任务
旅人之喘息的任务完成了，获得了211名声。


@01 538/6/8 h11 发现道具
星尘鹰在混沌之陵园拿到了☆揭示真相的合成
护手『尸体亮丽』 (10,3) [4,13]。

@03 538/6/9 h5 完成任务
化身之败退的任务完成了，获得了11名声。


@03 538/6/9 h11 完成任务
沙漠之骸骨的任务完成了，获得了21名声。


@01 538/6/9 h22 发现道具
真・石在提里斯关所北侧拿到了☆祝福的照亮
黑暗的合成盾『白清晨』 [3,11]。

@03 538/6/9 h23 完成任务
弑父的仁的任务完成了，获得了9名声。

@02 538/6/10 h20 新的力量
化身之败退积攒了足够的经验，升到48级了。


@01 538/6/12 h7 发现道具
飞人妻在混沌之森拿到了☆被称作铁块的圆盾
『异邦人之机械』 [1,9]。

@01 538/6/12 h9 发现道具
傍晚之均衡在山道拿到了☆赤红如血的苦无『
愤怒的幻术师』 (4d5+3)(51)。

@03 538/6/12 h12 完成任务
疤痕教授的任务完成了，获得了11名声。

@01 538/6/12 h14 发现道具
疤痕教授在混沌之陵园拿到了☆沉重的重型腰
带『武士道的微笑』 [-1,8]。

@02 538/6/13 h1 新的力量
恋人伤痕积攒了足够的经验，升到60级了。


@01 538/6/13 h11 发现道具
靠拳头而生的右腕在混沌之巢窟拿到了★《唾
蛇》 (7d7+10)(-5)。

@03 538/6/14 h5 完成任务
恸哭与朋友的任务完成了，获得了30名声。


@01 538/6/14 h20 发现道具
疤痕教授在混沌之湖拿到了☆高贵的合成腰带
『弑父的胜者』 [0,2]。

@03 538/6/15 h13 完成任务
看见梦想的新星的任务完成了，获得了2名声。


@03 538/6/15 h17 完成任务
靠拳头而生的右腕的任务完成了，获得了2名
声。

@01 538/6/15 h22 发现道具
微热之鬼才在鲁米艾斯特墓地拿到了☆沉重的
重型护手『保镖红宝石』 (1,0) [0,12]。

@01 538/6/16 h17 发现道具
异邦人之闪耀在北提里斯拿到了☆来自海洋的
激光枪『真・塔』 (2d14)(3)。

@03 538/6/17 h5 完成任务
真・石的任务完成了，获得了45名声。

@03 538/6/18 h20 完成任务
永恒法王的任务完成了，获得了11名声。

@01 538/6/20 h7 发现道具
消失之恋爱在魔女之家拿到了☆沉重的手枪『
圣洁的狮子』 (1d21)(2)。

@01 538/6/20 h14 发现道具
微热之鬼才在提里斯关所南侧拿到了☆触怒逆
鳞的靴『没有希望的瞬间』 [5,2]。

@01 538/6/22 h7 发现道具
月白在混沌之陵园拿到了☆触怒逆鳞的手套『
灵魂与婴孩』 (8,0) [6,6]。

@03 538/6/22 h12 完成任务
被遗忘的拳的任务完成了，获得了59名声。


@01 538/6/22 h13 发现道具
星尘鹰在混沌之寨拿到了☆历史悠久的炎弩『
七色・裁判』 (2d25)(10)。

@01 538/6/22 h18 发现道具
永恒法王在混沌之森拿到了☆乱来的翼『像孩
子一样的破灭』 [9,0]。

@02 538/6/22 h24 伤痛痊愈
星尘鹰的伤已经痊愈了。

@01 538/6/24 h22 发现道具
使者之终结在混沌之森拿到了☆沉重的箭矢『
右腕之青』 (1d7)。

@02 538/6/25 h12 新的力量
使者之终结积攒了足够的经验，升到66级了。


@01 538/6/26 h14 发现道具
真・石在测试世界拿到了☆诅咒的历史悠久的
守护戒指『喋血善』 [0,5]。

@01 538/6/27 h3 发现道具
真・石在测试世界拿到了☆粉碎黑暗的手枪『
看上去像发狂了似的牛』 (1d32)(10)。

@01 538/6/27 h18 发现道具
光彩夺目的人类在测试世界拿到了☆通透的重
型腰带『珍珠与魔王』 [5,0]。

@03 538/6/27 h22 完成任务
真・石的任务完成了，获得了2名声。

@01 538/6/28 h7 发现道具
微热之鬼才在机械要塞拿到了☆诅咒的沉重的
细剑『哥哥给的活祭品』 (1d13)(2)。

@01 538/6/28 h12 发现道具
飞人妻在混沌之洞窟拿到了☆通透的投斧『永
远僧侣』 (2d6)(-5) [2,0]。

@01 538/6/29 h22 发现道具
永恒法王在混沌之森拿到了☆连锁的腰带『仆
人之阳光』 [5,5]。

@03 538/7/1 h12 完成任务
使者之终结的任务完成了，获得了12名声。


@01 538/7/1 h12 发现道具
使者之终结在混沌之洞窟拿到了☆揭示真相的
橄榄石项链『背负着罪的帝国』 (6,0)。

@03 538/7/1 h20 完成任务
信徒之精神的任务完成了，获得了11名声。


@02 538/7/1 h20 新的力量
看见梦想的新星积攒了足够的经验，升到14级
了。

@01 538/7/2 h6 发现道具
被遗忘的拳在鲁米艾斯特墓地拿到了☆统帅龙
族的护符『魔族之终焉』 [11,0]。

@01 538/7/3 h5 发现道具
哭着叫铜在混沌之陵园拿到了☆通透的精灵帽
『背负着罪的暗影』 [13,0]。

@01 538/7/3 h19 发现道具
华丽之成瘾在重力谷拿到了☆诅咒的美丽的鞋
『胜者之智者』 [3,0]。

@01 538/7/5 h6 发现道具
被遗忘的拳在鲁米艾斯特墓地拿到了☆堕落的
包覆一切的重型盾『剑士之共鸣』 [-1,9]。


@03 538/7/5 h24 完成任务
哭着叫铜的任务完成了，获得了22名声。

@01 538/7/5 h24 发现道具
哭着叫铜在混沌之陵园拿到了☆祝福的可食用
的防弹衣『穿着蓝色的隐者』 [-8,-8]。

